Arguments: 
  C:\Program Files\nodejs\node.exe C:\Program Files (x86)\Yarn\bin\yarn.js add express-jwt --save

PATH: 
  C:\Users\Elio\Desktop\cmdr\bin;C:\Users\Elio\Desktop\cmdr\vendor\bin;C:\Users\Elio\Desktop\cmdr\vendor\conemu-maximus5\ConEmu\Scripts;C:\Users\Elio\Desktop\cmdr\vendor\conemu-maximus5;C:\Users\Elio\Desktop\cmdr\vendor\conemu-maximus5\ConEmu;C:\Python27\;C:\Python27\Scripts;C:\Program Files\nodejs;C:\ProgramData\chocolatey\bin;C:\Program Files\nodejs\;C:\Users\Elio\AppData\Local\Android\Sdk\emulator;C:\WINDOWS\system32;C:\Windows\System32;C:\Program Files (x86)\Yarn\bin\;C:\Program Files\dotnet\;C:\Program Files\Java\jdk1.8.0_211\bin;C:\Users\Elio\AppData\Local\Android\Sdk;C:\Users\Elio\AppData\Local\Android\Sdk\emulator;C:\Users\Elio\AppData\Local\Android\Sdk\tools;C:\Users\Elio\AppData\Local\Android\Sdk\platform-tools;C:\Users\Elio\AppData\Local\Android\Sdk\tools\bin;C:\Users\Elio\AppData\Local\Android\Sdk\tools;C:\Users\Elio\AppData\Local\Android\Sdk\tools\bin;C:\Users\Elio\AppData\Local\Android\Sdk\platform-tools;C:\Program Files\NVIDIA Corporation\NVIDIA NvDLISR;C:\Users\Elio\AppData\Local\Programs\Python\Python37\Scripts\;C:\Users\Elio\AppData\Local\Yarn\bin;C:\Users\Elio\AppData\Local\Programs\Python\Python37\;C:\Users\Elio\AppData\Local\Microsoft\WindowsApps;C:\Users\Elio\AppData\Roaming\npm;C:\Users\Elio\AppData\Local\Android\Sdk\emulator;C:\Users\Elio\AppData\Local\Programs\Microsoft VS Code\bin;C:\Users\Elio\AppData\Local\atom\bin;C:\Users\Elio\AppData\Local\GitHubDesktop\bin;C:\Users\Elio\AppData\Local\Microsoft\WindowsApps;C:\Users\Elio\Flutter_dev\bin;C:\Users\Elio\AppData\Local\Android\Sdk\tools;C:\Users\Elio\AppData\Local\Android\Sdk\tools\bin;C:\Users\Elio\AppData\Local\Android\Sdk\platform-tools;C:\Users\Elio\flutter\flutter\bin;C:\tools\dart-sdk\bin;C:\Users\Elio\AppData\Roaming\Pub\Cache\bin;C:\Users\Elio\Anaconda3\python.exe;C:\Users\Elio\AppData\Local\Android\Sdk;C:\Users\Elio\AppData\Local\Android\Sdk\tools;C:\Users\Elio\AppData\Local\Android\Sdk\platform-tools;C:\Users\Elio\Desktop\cmdr\vendor\git-for-windows\cmd;C:\Users\Elio\Desktop\cmdr\vendor\git-for-windows\mingw64\bin;C:\Users\Elio\Desktop\cmdr\vendor\git-for-windows\usr\bin;C:\Users\Elio\Desktop\cmdr

Yarn version: 
  1.22.4

Node version: 
  10.19.0

Platform: 
  win32 x64

Trace: 
  Error: EPERM: operation not permitted, unlink 'C:\Users\Elio\Desktop\Portfolio-Website\node_modules\node-sass\vendor\win32-x64-64\binding.node'

npm manifest: 
  {
    "name": "portfolio-website",
    "version": "1.0.0",
    "description": "MY PORTFOLIO WEBSITE - USING Next.js, React & Node",
    "main": "index.js",
    "scripts": {
      "test": "echo \"Error: no test specified\" && exit 1",
      "dev": "node server/index.js",
      "build": "next build",
      "start": "NODE_ENV=production node server/index.js"
    },
    "repository": {
      "type": "git",
      "url": "git+https://github.com/lopeselio/portfolio-website.git"
    },
    "keywords": [],
    "author": "",
    "license": "ISC",
    "bugs": {
      "url": "https://github.com/lopeselio/portfolio-website/issues"
    },
    "homepage": "https://github.com/lopeselio/portfolio-website#readme",
    "dependencies": {
      "@auth0/auth0-spa-js": "^1.6.4",
      "@zeit/next-css": "^1.0.1",
      "@zeit/next-sass": "^1.0.1",
      "auth0-js": "^9.12.2",
      "axios": "^0.19.2",
      "babel-preset-es2015": "^6.24.1",
      "bootstrap": "^4.4.1",
      "express": "^4.17.1",
      "js-cookie": "^2.2.1",
      "jsonwebtoken": "^8.5.1",
      "next": "^9.2.1",
      "next-routes": "^1.4.2",
      "node-sass": "^4.13.1",
      "react": "^16.12.0",
      "react-dom": "^16.12.0",
      "react-router-dom": "^5.1.2",
      "react-typed": "^1.2.0",
      "reactstrap": "^8.4.1"
    }
  }

yarn manifest: 
  No manifest

Lockfile: 
  No lockfile
